Case #1:
Nirvana_Lithium
System_of_a_Down_Needles

Case #2:
Papa_Roach

Case #3:
song1
song2
song3
song4
song5
song6
song7
song8
song9
song10

Case #4:
song5

Case #5:
song1
song2
song3
song4
song5
song6
song7
song8
song9

Case #6:
a_very_long_song_title_which_will_hopefully_be_read_in_without_problems

Case #7:
supercalifragilisticexpialidocious
blah

Case #8:
only_one_song_but_no_fans

Case #9:
cooler_song
cool_song

Case #10:
great_song
better_song

Case #11:
d
cd
de
ab

Case #12:
I_am_going_to_keep_typing_until_I_reach_the_maximum_case_which_is_one_hundred_and_ninety_nine_characters_blah_blah_blah_I_am_still_typing_this_is_getting_very_tedious_I_am_all_done_right_about_now___

Case #13:
song100
song99
song98
song97
song96
song95
song94
song93
song92
song91
song90
song89
song88
song87
song86
song85
song84
song83
song82
song81
song80
song79
song78
song77
song76
song75
song74
song73
song72
song71
song70
song69
song68
song67
song66
song65
song64
song63
song62
song61
song60
song59
song58
song57
song56
song55
song54
song53
song52
song51
song50
song49
song48
song47
song46
song45
song44
song43
song42
song41
song40
song39
song38
song37
song36
song35
song34
song33
song32
song31
song30
song29
song28
song27
song26
song25
song24
song23
song22
song21
song20
song19
song18
song17
song16
song15
song14
song13
song12
song11
song10
song9
song8
song7
song6
song5
song4
song3
song2
song1

