Coral Ballroom 5/3/2002
CONFLICTS AT 11-12 16-17 

Kamehameha Conference Room  3 May 2002
SCHEDULE OK!

Aloha Lounge May 3, 2002
SCHEDULE OK!

Room A 3/24/2002
CONFLICTS AT 11-12 16-17 

Room B 3/24/2002
SCHEDULE OK!

No Empty String alowed (back to back rooms)
SCHEDULE OK!

no conflict event
SCHEDULE OK!

no events or rented rooms
SCHEDULE OK!

Room that is not rented instantaneously! but back to back!
SCHEDULE OK!

Room that is completely double rented!!!
CONFLICTS AT 8-9 9-10 10-11 11-12 12-13 13-14 14-15 15-16 16-17 17-18 18-19 19-20 

Room that is rented all day but no overlap!     :)
SCHEDULE OK!

Room that is rented all day with overlap!     :P
CONFLICTS AT 8-9 9-10 10-11 11-12 12-13 13-14 14-15 15-16 16-17 17-18 18-19 19-20 20-21 21-22 

